1) n = 1000, max = 100
bubble_sort: sortate in 0.061997175216674805
merge_sort: sortate in 0.003000020980834961
quick_sort_rand: sortate in 0.001998424530029297
quick_sort_3: sortate in 0.002000093460083008
count_sort: sortate in 0.001001119613647461
radix_sort_10: sortate in 0.001999378204345703
radix_sort_256: sortate in 0.0
python_sort: sortate in 0.0

2) n = 10000, max = 10000
bubble_sort EROARE!!
merge_sort: sortate in 0.03300070762634277
quick_sort_rand: sortate in 0.02499985694885254
quick_sort_3: sortate in 0.019999980926513672
count_sort: sortate in 0.004000186920166016
radix_sort_10: sortate in 0.03800058364868164
radix_sort_256: sortate in 0.014045000076293945
python_sort: sortate in 0.0010416507720947266

3) n = 100, max = 100000
bubble_sort: sortate in 0.0010001659393310547
merge_sort: sortate in 0.0
quick_sort_rand: sortate in 0.0
quick_sort_3: sortate in 0.0
count_sort: sortate in 0.017954587936401367
radix_sort_10: sortate in 0.0
radix_sort_256: sortate in 0.0
python_sort: sortate in 0.0

4) n = 1000, max = 10000
bubble_sort: sortate in 0.06500005722045898
merge_sort: sortate in 0.0029997825622558594
quick_sort_rand: sortate in 0.002000093460083008
quick_sort_3: sortate in 0.002002239227294922
count_sort: sortate in 0.0029993057250976562
radix_sort_10: sortate in 0.0030798912048339844
radix_sort_256: sortate in 0.0019195079803466797
python_sort: sortate in 0.0

5) n = 10, max = 10000000
bubble_sort: sortate in 0.0
merge_sort: sortate in 0.0
quick_sort_rand: sortate in 0.0
quick_sort_3: sortate in 0.0
count_sort EROARE!!
radix_sort_10: sortate in 0.0
radix_sort_256: sortate in 0.0
python_sort: sortate in 0.0

6) n = 10000, max = 10000000
bubble_sort EROARE!!
merge_sort: sortate in 0.03200054168701172
quick_sort_rand: sortate in 0.03499960899353027
quick_sort_3: sortate in 0.01999974250793457
count_sort EROARE!!
radix_sort_10: sortate in 0.053002119064331055
radix_sort_256: sortate in 0.02093029022216797
python_sort: sortate in 0.0009996891021728516

7) n = 1000000, max = 100
bubble_sort EROARE!!
merge_sort: sortate in 4.451080322265625
quick_sort_rand: sortate in 3.1129555702209473
quick_sort_3: sortate in 2.9879987239837646
count_sort: sortate in 0.2070002555847168
radix_sort_10: sortate in 2.2381343841552734
radix_sort_256: sortate in 0.7639613151550293
python_sort: sortate in 0.09000563621520996

8) n = 3000000, max = 3000000
bubble_sort EROARE!!
merge_sort: sortate in 16.30028986930847
quick_sort_rand: sortate in 13.2077317237854
quick_sort_3: sortate in 12.70270562171936
count_sort: sortate in 2.2909979820251465
radix_sort_10: sortate in 20.580813884735107
radix_sort_256: sortate in 8.757079839706421
python_sort: sortate in 0.8059895038604736

